This is pdfTeX, Version 3.14159265-2.6-1.40.17 (MiKTeX 2.9.6210 64-bit) (preloaded format=pdflatex 2017.3.22)  22 MAR 2017 19:46
entering extended mode
**./relatorio.tex
(relatorio.tex
LaTeX2e <2017/01/01> patch level 1
Babel <3.9r> and hyphenation patterns for 75 language(s) loaded.
("C:\Program Files\MiKTeX 2.9\tex\latex\base\report.cls"
Document Class: report 2014/09/29 v1.4h Standard LaTeX document class
("C:\Program Files\MiKTeX 2.9\tex\latex\base\size10.clo"
File: size10.clo 2014/09/29 v1.4h Standard LaTeX file (size option)
)
\c@part=\count79
\c@chapter=\count80
\c@section=\count81
\c@subsection=\count82
\c@subsubsection=\count83
\c@paragraph=\count84
\c@subparagraph=\count85
\c@figure=\count86
\c@table=\count87
\abovecaptionskip=\skip41
\belowcaptionskip=\skip42
\bibindent=\dimen102
)
("C:\Program Files\MiKTeX 2.9\tex\latex\base\inputenc.sty"
Package: inputenc 2015/03/17 v1.2c Input encoding file
\inpenc@prehook=\toks14
\inpenc@posthook=\toks15

("C:\Program Files\MiKTeX 2.9\tex\latex\base\utf8.def"
File: utf8.def 2016/02/28 v1.1s UTF-8 support for inputenc
Now handling font encoding OML ...
... no UTF-8 mapping file for font encoding OML
Now handling font encoding T1 ...
... processing UTF-8 mapping file for font encoding T1

("C:\Program Files\MiKTeX 2.9\tex\latex\base\t1enc.dfu"
File: t1enc.dfu 2016/02/28 v1.1s UTF-8 support for inputenc
   defining Unicode char U+00A0 (decimal 160)
   defining Unicode char U+00A1 (decimal 161)
   defining Unicode char U+00A3 (decimal 163)
   defining Unicode char U+00AB (decimal 171)
   defining Unicode char U+00AD (decimal 173)
   defining Unicode char U+00BB (decimal 187)
   defining Unicode char U+00BF (decimal 191)
   defining Unicode char U+00C0 (decimal 192)
   defining Unicode char U+00C1 (decimal 193)
   defining Unicode char U+00C2 (decimal 194)
   defining Unicode char U+00C3 (decimal 195)
   defining Unicode char U+00C4 (decimal 196)
   defining Unicode char U+00C5 (decimal 197)
   defining Unicode char U+00C6 (decimal 198)
   defining Unicode char U+00C7 (decimal 199)
   defining Unicode char U+00C8 (decimal 200)
   defining Unicode char U+00C9 (decimal 201)
   defining Unicode char U+00CA (decimal 202)
   defining Unicode char U+00CB (decimal 203)
   defining Unicode char U+00CC (decimal 204)
   defining Unicode char U+00CD (decimal 205)
   defining Unicode char U+00CE (decimal 206)
   defining Unicode char U+00CF (decimal 207)
   defining Unicode char U+00D0 (decimal 208)
   defining Unicode char U+00D1 (decimal 209)
   defining Unicode char U+00D2 (decimal 210)
   defining Unicode char U+00D3 (decimal 211)
   defining Unicode char U+00D4 (decimal 212)
   defining Unicode char U+00D5 (decimal 213)
   defining Unicode char U+00D6 (decimal 214)
   defining Unicode char U+00D8 (decimal 216)
   defining Unicode char U+00D9 (decimal 217)
   defining Unicode char U+00DA (decimal 218)
   defining Unicode char U+00DB (decimal 219)
   defining Unicode char U+00DC (decimal 220)
   defining Unicode char U+00DD (decimal 221)
   defining Unicode char U+00DE (decimal 222)
   defining Unicode char U+00DF (decimal 223)
   defining Unicode char U+00E0 (decimal 224)
   defining Unicode char U+00E1 (decimal 225)
   defining Unicode char U+00E2 (decimal 226)
   defining Unicode char U+00E3 (decimal 227)
   defining Unicode char U+00E4 (decimal 228)
   defining Unicode char U+00E5 (decimal 229)
   defining Unicode char U+00E6 (decimal 230)
   defining Unicode char U+00E7 (decimal 231)
   defining Unicode char U+00E8 (decimal 232)
   defining Unicode char U+00E9 (decimal 233)
   defining Unicode char U+00EA (decimal 234)
   defining Unicode char U+00EB (decimal 235)
   defining Unicode char U+00EC (decimal 236)
   defining Unicode char U+00ED (decimal 237)
   defining Unicode char U+00EE (decimal 238)
   defining Unicode char U+00EF (decimal 239)
   defining Unicode char U+00F0 (decimal 240)
   defining Unicode char U+00F1 (decimal 241)
   defining Unicode char U+00F2 (decimal 242)
   defining Unicode char U+00F3 (decimal 243)
   defining Unicode char U+00F4 (decimal 244)
   defining Unicode char U+00F5 (decimal 245)
   defining Unicode char U+00F6 (decimal 246)
   defining Unicode char U+00F8 (decimal 248)
   defining Unicode char U+00F9 (decimal 249)
   defining Unicode char U+00FA (decimal 250)
   defining Unicode char U+00FB (decimal 251)
   defining Unicode char U+00FC (decimal 252)
   defining Unicode char U+00FD (decimal 253)
   defining Unicode char U+00FE (decimal 254)
   defining Unicode char U+00FF (decimal 255)
   defining Unicode char U+0100 (decimal 256)
   defining Unicode char U+0101 (decimal 257)
   defining Unicode char U+0102 (decimal 258)
   defining Unicode char U+0103 (decimal 259)
   defining Unicode char U+0104 (decimal 260)
   defining Unicode char U+0105 (decimal 261)
   defining Unicode char U+0106 (decimal 262)
   defining Unicode char U+0107 (decimal 263)
   defining Unicode char U+0108 (decimal 264)
   defining Unicode char U+0109 (decimal 265)
   defining Unicode char U+010A (decimal 266)
   defining Unicode char U+010B (decimal 267)
   defining Unicode char U+010C (decimal 268)
   defining Unicode char U+010D (decimal 269)
   defining Unicode char U+010E (decimal 270)
   defining Unicode char U+010F (decimal 271)
   defining Unicode char U+0110 (decimal 272)
   defining Unicode char U+0111 (decimal 273)
   defining Unicode char U+0112 (decimal 274)
   defining Unicode char U+0113 (decimal 275)
   defining Unicode char U+0114 (decimal 276)
   defining Unicode char U+0115 (decimal 277)
   defining Unicode char U+0116 (decimal 278)
   defining Unicode char U+0117 (decimal 279)
   defining Unicode char U+0118 (decimal 280)
   defining Unicode char U+0119 (decimal 281)
   defining Unicode char U+011A (decimal 282)
   defining Unicode char U+011B (decimal 283)
   defining Unicode char U+011C (decimal 284)
   defining Unicode char U+011D (decimal 285)
   defining Unicode char U+011E (decimal 286)
   defining Unicode char U+011F (decimal 287)
   defining Unicode char U+0120 (decimal 288)
   defining Unicode char U+0121 (decimal 289)
   defining Unicode char U+0122 (decimal 290)
   defining Unicode char U+0123 (decimal 291)
   defining Unicode char U+0124 (decimal 292)
   defining Unicode char U+0125 (decimal 293)
   defining Unicode char U+0128 (decimal 296)
   defining Unicode char U+0129 (decimal 297)
   defining Unicode char U+012A (decimal 298)
   defining Unicode char U+012B (decimal 299)
   defining Unicode char U+012C (decimal 300)
   defining Unicode char U+012D (decimal 301)
   defining Unicode char U+012E (decimal 302)
   defining Unicode char U+012F (decimal 303)
   defining Unicode char U+0130 (decimal 304)
   defining Unicode char U+0131 (decimal 305)
   defining Unicode char U+0132 (decimal 306)
   defining Unicode char U+0133 (decimal 307)
   defining Unicode char U+0134 (decimal 308)
   defining Unicode char U+0135 (decimal 309)
   defining Unicode char U+0136 (decimal 310)
   defining Unicode char U+0137 (decimal 311)
   defining Unicode char U+0139 (decimal 313)
   defining Unicode char U+013A (decimal 314)
   defining Unicode char U+013B (decimal 315)
   defining Unicode char U+013C (decimal 316)
   defining Unicode char U+013D (decimal 317)
   defining Unicode char U+013E (decimal 318)
   defining Unicode char U+0141 (decimal 321)
   defining Unicode char U+0142 (decimal 322)
   defining Unicode char U+0143 (decimal 323)
   defining Unicode char U+0144 (decimal 324)
   defining Unicode char U+0145 (decimal 325)
   defining Unicode char U+0146 (decimal 326)
   defining Unicode char U+0147 (decimal 327)
   defining Unicode char U+0148 (decimal 328)
   defining Unicode char U+014A (decimal 330)
   defining Unicode char U+014B (decimal 331)
   defining Unicode char U+014C (decimal 332)
   defining Unicode char U+014D (decimal 333)
   defining Unicode char U+014E (decimal 334)
   defining Unicode char U+014F (decimal 335)
   defining Unicode char U+0150 (decimal 336)
   defining Unicode char U+0151 (decimal 337)
   defining Unicode char U+0152 (decimal 338)
   defining Unicode char U+0153 (decimal 339)
   defining Unicode char U+0154 (decimal 340)
   defining Unicode char U+0155 (decimal 341)
   defining Unicode char U+0156 (decimal 342)
   defining Unicode char U+0157 (decimal 343)
   defining Unicode char U+0158 (decimal 344)
   defining Unicode char U+0159 (decimal 345)
   defining Unicode char U+015A (decimal 346)
   defining Unicode char U+015B (decimal 347)
   defining Unicode char U+015C (decimal 348)
   defining Unicode char U+015D (decimal 349)
   defining Unicode char U+015E (decimal 350)
   defining Unicode char U+015F (decimal 351)
   defining Unicode char U+0160 (decimal 352)
   defining Unicode char U+0161 (decimal 353)
   defining Unicode char U+0162 (decimal 354)
   defining Unicode char U+0163 (decimal 355)
   defining Unicode char U+0164 (decimal 356)
   defining Unicode char U+0165 (decimal 357)
   defining Unicode char U+0168 (decimal 360)
   defining Unicode char U+0169 (decimal 361)
   defining Unicode char U+016A (decimal 362)
   defining Unicode char U+016B (decimal 363)
   defining Unicode char U+016C (decimal 364)
   defining Unicode char U+016D (decimal 365)
   defining Unicode char U+016E (decimal 366)
   defining Unicode char U+016F (decimal 367)
   defining Unicode char U+0170 (decimal 368)
   defining Unicode char U+0171 (decimal 369)
   defining Unicode char U+0172 (decimal 370)
   defining Unicode char U+0173 (decimal 371)
   defining Unicode char U+0174 (decimal 372)
   defining Unicode char U+0175 (decimal 373)
   defining Unicode char U+0176 (decimal 374)
   defining Unicode char U+0177 (decimal 375)
   defining Unicode char U+0178 (decimal 376)
   defining Unicode char U+0179 (decimal 377)
   defining Unicode char U+017A (decimal 378)
   defining Unicode char U+017B (decimal 379)
   defining Unicode char U+017C (decimal 380)
   defining Unicode char U+017D (decimal 381)
   defining Unicode char U+017E (decimal 382)
   defining Unicode char U+01CD (decimal 461)
   defining Unicode char U+01CE (decimal 462)
   defining Unicode char U+01CF (decimal 463)
   defining Unicode char U+01D0 (decimal 464)
   defining Unicode char U+01D1 (decimal 465)
   defining Unicode char U+01D2 (decimal 466)
   defining Unicode char U+01D3 (decimal 467)
   defining Unicode char U+01D4 (decimal 468)
   defining Unicode char U+01E2 (decimal 482)
   defining Unicode char U+01E3 (decimal 483)
   defining Unicode char U+01E6 (decimal 486)
   defining Unicode char U+01E7 (decimal 487)
   defining Unicode char U+01E8 (decimal 488)
   defining Unicode char U+01E9 (decimal 489)
   defining Unicode char U+01EA (decimal 490)
   defining Unicode char U+01EB (decimal 491)
   defining Unicode char U+01F0 (decimal 496)
   defining Unicode char U+01F4 (decimal 500)
   defining Unicode char U+01F5 (decimal 501)
   defining Unicode char U+0218 (decimal 536)
   defining Unicode char U+0219 (decimal 537)
   defining Unicode char U+021A (decimal 538)
   defining Unicode char U+021B (decimal 539)
   defining Unicode char U+1E02 (decimal 7682)
   defining Unicode char U+1E03 (decimal 7683)
   defining Unicode char U+200C (decimal 8204)
   defining Unicode char U+2010 (decimal 8208)
   defining Unicode char U+2011 (decimal 8209)
   defining Unicode char U+2012 (decimal 8210)
   defining Unicode char U+2013 (decimal 8211)
   defining Unicode char U+2014 (decimal 8212)
   defining Unicode char U+2015 (decimal 8213)
   defining Unicode char U+2018 (decimal 8216)
   defining Unicode char U+2019 (decimal 8217)
   defining Unicode char U+201A (decimal 8218)
   defining Unicode char U+201C (decimal 8220)
   defining Unicode char U+201D (decimal 8221)
   defining Unicode char U+201E (decimal 8222)
   defining Unicode char U+2030 (decimal 8240)
   defining Unicode char U+2031 (decimal 8241)
   defining Unicode char U+2039 (decimal 8249)
   defining Unicode char U+203A (decimal 8250)
   defining Unicode char U+2423 (decimal 9251)
)
Now handling font encoding OT1 ...
... processing UTF-8 mapping file for font encoding OT1

("C:\Program Files\MiKTeX 2.9\tex\latex\base\ot1enc.dfu"
File: ot1enc.dfu 2016/02/28 v1.1s UTF-8 support for inputenc
   defining Unicode char U+00A0 (decimal 160)
   defining Unicode char U+00A1 (decimal 161)
   defining Unicode char U+00A3 (decimal 163)
   defining Unicode char U+00AD (decimal 173)
   defining Unicode char U+00B8 (decimal 184)
   defining Unicode char U+00BF (decimal 191)
   defining Unicode char U+00C5 (decimal 197)
   defining Unicode char U+00C6 (decimal 198)
   defining Unicode char U+00D8 (decimal 216)
   defining Unicode char U+00DF (decimal 223)
   defining Unicode char U+00E6 (decimal 230)
   defining Unicode char U+00EC (decimal 236)
   defining Unicode char U+00ED (decimal 237)
   defining Unicode char U+00EE (decimal 238)
   defining Unicode char U+00EF (decimal 239)
   defining Unicode char U+00F8 (decimal 248)
   defining Unicode char U+0131 (decimal 305)
   defining Unicode char U+0141 (decimal 321)
   defining Unicode char U+0142 (decimal 322)
   defining Unicode char U+0152 (decimal 338)
   defining Unicode char U+0153 (decimal 339)
   defining Unicode char U+0174 (decimal 372)
   defining Unicode char U+0175 (decimal 373)
   defining Unicode char U+0176 (decimal 374)
   defining Unicode char U+0177 (decimal 375)
   defining Unicode char U+0218 (decimal 536)
   defining Unicode char U+0219 (decimal 537)
   defining Unicode char U+021A (decimal 538)
   defining Unicode char U+021B (decimal 539)
   defining Unicode char U+2013 (decimal 8211)
   defining Unicode char U+2014 (decimal 8212)
   defining Unicode char U+2018 (decimal 8216)
   defining Unicode char U+2019 (decimal 8217)
   defining Unicode char U+201C (decimal 8220)
   defining Unicode char U+201D (decimal 8221)
)
Now handling font encoding OMS ...
... processing UTF-8 mapping file for font encoding OMS

("C:\Program Files\MiKTeX 2.9\tex\latex\base\omsenc.dfu"
File: omsenc.dfu 2016/02/28 v1.1s UTF-8 support for inputenc
   defining Unicode char U+00A7 (decimal 167)
   defining Unicode char U+00B6 (decimal 182)
   defining Unicode char U+00B7 (decimal 183)
   defining Unicode char U+2020 (decimal 8224)
   defining Unicode char U+2021 (decimal 8225)
   defining Unicode char U+2022 (decimal 8226)
)
Now handling font encoding OMX ...
... no UTF-8 mapping file for font encoding OMX
Now handling font encoding U ...
... no UTF-8 mapping file for font encoding U
   defining Unicode char U+00A9 (decimal 169)
   defining Unicode char U+00AA (decimal 170)
   defining Unicode char U+00AE (decimal 174)
   defining Unicode char U+00BA (decimal 186)
   defining Unicode char U+02C6 (decimal 710)
   defining Unicode char U+02DC (decimal 732)
   defining Unicode char U+200C (decimal 8204)
   defining Unicode char U+2026 (decimal 8230)
   defining Unicode char U+2122 (decimal 8482)
   defining Unicode char U+2423 (decimal 9251)
))
("C:\Program Files\MiKTeX 2.9\tex\generic\babel\babel.sty"
Package: babel 2016/04/23 3.9r The Babel package

*************************************
* Local config file bblopts.cfg used
*
("C:\Program Files\MiKTeX 2.9\tex\latex\arabi\bblopts.cfg"
File: bblopts.cfg 2005/09/08 v0.1 add Arabic and Farsi to "declared" options of
 babel
)
("C:\Program Files\MiKTeX 2.9\tex\latex\babel-portuges\portuges.ldf"
Language: portuges 2008/03/18 v1.2q Portuguese support from the babel system

("C:\Program Files\MiKTeX 2.9\tex\generic\babel\babel.def"
File: babel.def 2016/04/23 3.9r Babel common definitions
\babel@savecnt=\count88
\U@D=\dimen103
)
Package babel Info: Making " an active character on input line 145.
))
("C:\Program Files\MiKTeX 2.9\tex\latex\base\fontenc.sty"
Package: fontenc 2017/01/24 v2.0c Standard LaTeX package

("C:\Program Files\MiKTeX 2.9\tex\latex\base\t1enc.def"
File: t1enc.def 2017/01/24 v2.0c Standard LaTeX file
LaTeX Font Info:    Redeclaring font encoding T1 on input line 48.
))
("C:\Program Files\MiKTeX 2.9\tex\latex\amsmath\amsmath.sty"
Package: amsmath 2016/11/05 v2.16a AMS math features
\@mathmargin=\skip43

For additional information on amsmath, use the `?' option.
("C:\Program Files\MiKTeX 2.9\tex\latex\amsmath\amstext.sty"
Package: amstext 2000/06/29 v2.01 AMS text

("C:\Program Files\MiKTeX 2.9\tex\latex\amsmath\amsgen.sty"
File: amsgen.sty 1999/11/30 v2.0 generic functions
\@emptytoks=\toks16
\ex@=\dimen104
))
("C:\Program Files\MiKTeX 2.9\tex\latex\amsmath\amsbsy.sty"
Package: amsbsy 1999/11/29 v1.2d Bold Symbols
\pmbraise@=\dimen105
)
("C:\Program Files\MiKTeX 2.9\tex\latex\amsmath\amsopn.sty"
Package: amsopn 2016/03/08 v2.02 operator names
)
\inf@bad=\count89
LaTeX Info: Redefining \frac on input line 213.
\uproot@=\count90
\leftroot@=\count91
LaTeX Info: Redefining \overline on input line 375.
\classnum@=\count92
\DOTSCASE@=\count93
LaTeX Info: Redefining \ldots on input line 472.
LaTeX Info: Redefining \dots on input line 475.
LaTeX Info: Redefining \cdots on input line 596.
\Mathstrutbox@=\box26
\strutbox@=\box27
\big@size=\dimen106
LaTeX Font Info:    Redeclaring font encoding OML on input line 712.
LaTeX Font Info:    Redeclaring font encoding OMS on input line 713.
\macc@depth=\count94
\c@MaxMatrixCols=\count95
\dotsspace@=\muskip10
\c@parentequation=\count96
\dspbrk@lvl=\count97
\tag@help=\toks17
\row@=\count98
\column@=\count99
\maxfields@=\count100
\andhelp@=\toks18
\eqnshift@=\dimen107
\alignsep@=\dimen108
\tagshift@=\dimen109
\tagwidth@=\dimen110
\totwidth@=\dimen111
\lineht@=\dimen112
\@envbody=\toks19
\multlinegap=\skip44
\multlinetaggap=\skip45
\mathdisplay@stack=\toks20
LaTeX Info: Redefining \[ on input line 2817.
LaTeX Info: Redefining \] on input line 2818.
)
("C:\Program Files\MiKTeX 2.9\tex\latex\amsfonts\amsfonts.sty"
Package: amsfonts 2013/01/14 v3.01 Basic AMSFonts support
\symAMSa=\mathgroup4
\symAMSb=\mathgroup5
LaTeX Font Info:    Overwriting math alphabet `\mathfrak' in version `bold'
(Font)                  U/euf/m/n --> U/euf/b/n on input line 106.
)
("C:\Program Files\MiKTeX 2.9\tex\latex\amsfonts\amssymb.sty"
Package: amssymb 2013/01/14 v3.01 AMS font symbols
)
("C:\Program Files\MiKTeX 2.9\tex\latex\graphics\graphicx.sty"
Package: graphicx 2014/10/28 v1.0g Enhanced LaTeX Graphics (DPC,SPQR)

("C:\Program Files\MiKTeX 2.9\tex\latex\graphics\keyval.sty"
Package: keyval 2014/10/28 v1.15 key=value parser (DPC)
\KV@toks@=\toks21
)
("C:\Program Files\MiKTeX 2.9\tex\latex\graphics\graphics.sty"
Package: graphics 2016/10/09 v1.0u Standard LaTeX Graphics (DPC,SPQR)

("C:\Program Files\MiKTeX 2.9\tex\latex\graphics\trig.sty"
Package: trig 2016/01/03 v1.10 sin cos tan (DPC)
)
("C:\Program Files\MiKTeX 2.9\tex\latex\graphics-cfg\graphics.cfg"
File: graphics.cfg 2016/06/04 v1.11 sample graphics configuration
)
Package graphics Info: Driver file: pdftex.def on input line 99.

("C:\Program Files\MiKTeX 2.9\tex\latex\graphics-def\pdftex.def"
File: pdftex.def 2017/01/12 v0.06k Graphics/color for pdfTeX

("C:\Program Files\MiKTeX 2.9\tex\generic\oberdiek\infwarerr.sty"
Package: infwarerr 2016/05/16 v1.4 Providing info/warning/error messages (HO)
)
("C:\Program Files\MiKTeX 2.9\tex\generic\oberdiek\ltxcmds.sty"
Package: ltxcmds 2016/05/16 v1.23 LaTeX kernel commands for general use (HO)
)
\Gread@gobject=\count101
))
\Gin@req@height=\dimen113
\Gin@req@width=\dimen114
)
("C:\Program Files\MiKTeX 2.9\tex\latex\chngcntr\chngcntr.sty"
Package: chngcntr 2009/09/02 v1.0a change counter resetting
)
("C:\Program Files\MiKTeX 2.9\tex\latex\fancyhdr\fancyhdr.sty"
Package: fancyhdr 2016/09/06 3.8 Extensive control of page headers and footers
\fancy@headwidth=\skip46
\f@ncyO@elh=\skip47
\f@ncyO@erh=\skip48
\f@ncyO@olh=\skip49
\f@ncyO@orh=\skip50
\f@ncyO@elf=\skip51
\f@ncyO@erf=\skip52
\f@ncyO@olf=\skip53
\f@ncyO@orf=\skip54
)
("C:\Program Files\MiKTeX 2.9\tex\latex\caption\caption.sty"
Package: caption 2016/02/21 v3.3-144 Customizing captions (AR)

("C:\Program Files\MiKTeX 2.9\tex\latex\caption\caption3.sty"
Package: caption3 2016/05/22 v1.7-166 caption3 kernel (AR)
Package caption3 Info: TeX engine: e-TeX on input line 67.
\captionmargin=\dimen115
\captionmargin@=\dimen116
\captionwidth=\dimen117
\caption@tempdima=\dimen118
\caption@indent=\dimen119
\caption@parindent=\dimen120
\caption@hangindent=\dimen121
)
\c@ContinuedFloat=\count102
)
("C:\Program Files\MiKTeX 2.9\tex\latex\tools\indentfirst.sty"
Package: indentfirst 1995/11/23 v1.03 Indent first paragraph (DPC)
)
("C:\Program Files\MiKTeX 2.9\tex\latex\tocbibind\tocbibind.sty"
Package: tocbibind 2010/10/13 v1.5k extra ToC listings
Package tocbibind Info: The document has chapter divisions on input line 50.


Package tocbibind Note: Using chapter style headings, unless overridden.

) ("C:\Program Files\MiKTeX 2.9\tex\latex\listings\listings.sty"
\lst@mode=\count103
\lst@gtempboxa=\box28
\lst@token=\toks22
\lst@length=\count104
\lst@currlwidth=\dimen122
\lst@column=\count105
\lst@pos=\count106
\lst@lostspace=\dimen123
\lst@width=\dimen124
\lst@newlines=\count107
\lst@lineno=\count108
\lst@maxwidth=\dimen125

("C:\Program Files\MiKTeX 2.9\tex\latex\listings\lstmisc.sty"
File: lstmisc.sty 2015/06/04 1.6 (Carsten Heinz)
\c@lstnumber=\count109
\lst@skipnumbers=\count110
\lst@framebox=\box29
)
("C:\Program Files\MiKTeX 2.9\tex\latex\listings\listings.cfg"
File: listings.cfg 2015/06/04 1.6 listings configuration
))
Package: listings 2015/06/04 1.6 (Carsten Heinz)

("C:\Program Files\MiKTeX 2.9\tex\latex\minted\minted.sty"
Package: minted 2016/10/31 v2.4.1 Yet another Pygments shim for LaTeX

("C:\Program Files\MiKTeX 2.9\tex\latex\oberdiek\kvoptions.sty"
Package: kvoptions 2016/05/16 v3.12 Key value format for package options (HO)

("C:\Program Files\MiKTeX 2.9\tex\generic\oberdiek\kvsetkeys.sty"
Package: kvsetkeys 2016/05/16 v1.17 Key value parser (HO)

("C:\Program Files\MiKTeX 2.9\tex\generic\oberdiek\etexcmds.sty"
Package: etexcmds 2016/05/16 v1.6 Avoid name clashes with e-TeX commands (HO)

("C:\Program Files\MiKTeX 2.9\tex\generic\oberdiek\ifluatex.sty"
Package: ifluatex 2016/05/16 v1.4 Provides the ifluatex switch (HO)
Package ifluatex Info: LuaTeX not detected.
)
Package etexcmds Info: Could not find \expanded.
(etexcmds)             That can mean that you are not using pdfTeX 1.50 or
(etexcmds)             that some package has redefined \expanded.
(etexcmds)             In the latter case, load this package earlier.
)))
("C:\Program Files\MiKTeX 2.9\tex\latex\fvextra\fvextra.sty"
Package: fvextra 2016/09/02 v1.2.1 fvextra - extensions and patches for fancyvr
b

("C:\Program Files\MiKTeX 2.9\tex\latex\base\ifthen.sty"
Package: ifthen 2014/09/29 v1.1c Standard LaTeX ifthen package (DPC)
)
("C:\Program Files\MiKTeX 2.9\tex\latex\etoolbox\etoolbox.sty"
Package: etoolbox 2017/01/02 v2.4 e-TeX tools for LaTeX (JAW)
\etb@tempcnta=\count111
)
("C:\Program Files\MiKTeX 2.9\tex\latex\fancyvrb\fancyvrb.sty"
Package: fancyvrb 2008/02/07

Style option: `fancyvrb' v2.7a, with DG/SPQR fixes, and firstline=lastline fix 
<2008/02/07> (tvz)
\FV@CodeLineNo=\count112
\FV@InFile=\read1
\FV@TabBox=\box30
\c@FancyVerbLine=\count113
\FV@StepNumber=\count114
\FV@OutFile=\write3
) ("C:\Program Files\MiKTeX 2.9\tex\latex\upquote\upquote.sty"
Package: upquote 2012/04/19 v1.3 upright-quote and grave-accent glyphs in verba
tim
 ("C:\Program Files\MiKTeX 2.9\tex\latex\base\textcomp.sty"
Package: textcomp 2017/01/24 v2.0c Standard LaTeX package
Package textcomp Info: Sub-encoding information:
(textcomp)               5 = only ISO-Adobe without \textcurrency
(textcomp)               4 = 5 + \texteuro
(textcomp)               3 = 4 + \textohm
(textcomp)               2 = 3 + \textestimated + \textcurrency
(textcomp)               1 = TS1 - \textcircled - \t
(textcomp)               0 = TS1 (full)
(textcomp)             Font families with sub-encoding setting implement
(textcomp)             only a restricted character set as indicated.
(textcomp)             Family '?' is the default used for unknown fonts.
(textcomp)             See the documentation for details.
Package textcomp Info: Setting ? sub-encoding to TS1/1 on input line 79.

("C:\Program Files\MiKTeX 2.9\tex\latex\base\ts1enc.def"
File: ts1enc.def 2001/06/05 v3.0e (jk/car/fm) Standard LaTeX file
Now handling font encoding TS1 ...
... processing UTF-8 mapping file for font encoding TS1

("C:\Program Files\MiKTeX 2.9\tex\latex\base\ts1enc.dfu"
File: ts1enc.dfu 2016/02/28 v1.1s UTF-8 support for inputenc
   defining Unicode char U+00A2 (decimal 162)
   defining Unicode char U+00A3 (decimal 163)
   defining Unicode char U+00A4 (decimal 164)
   defining Unicode char U+00A5 (decimal 165)
   defining Unicode char U+00A6 (decimal 166)
   defining Unicode char U+00A7 (decimal 167)
   defining Unicode char U+00A8 (decimal 168)
   defining Unicode char U+00A9 (decimal 169)
   defining Unicode char U+00AA (decimal 170)
   defining Unicode char U+00AC (decimal 172)
   defining Unicode char U+00AE (decimal 174)
   defining Unicode char U+00AF (decimal 175)
   defining Unicode char U+00B0 (decimal 176)
   defining Unicode char U+00B1 (decimal 177)
   defining Unicode char U+00B2 (decimal 178)
   defining Unicode char U+00B3 (decimal 179)
   defining Unicode char U+00B4 (decimal 180)
   defining Unicode char U+00B5 (decimal 181)
   defining Unicode char U+00B6 (decimal 182)
   defining Unicode char U+00B7 (decimal 183)
   defining Unicode char U+00B9 (decimal 185)
   defining Unicode char U+00BA (decimal 186)
   defining Unicode char U+00BC (decimal 188)
   defining Unicode char U+00BD (decimal 189)
   defining Unicode char U+00BE (decimal 190)
   defining Unicode char U+00D7 (decimal 215)
   defining Unicode char U+00F7 (decimal 247)
   defining Unicode char U+0192 (decimal 402)
   defining Unicode char U+02C7 (decimal 711)
   defining Unicode char U+02D8 (decimal 728)
   defining Unicode char U+02DD (decimal 733)
   defining Unicode char U+0E3F (decimal 3647)
   defining Unicode char U+2016 (decimal 8214)
   defining Unicode char U+2020 (decimal 8224)
   defining Unicode char U+2021 (decimal 8225)
   defining Unicode char U+2022 (decimal 8226)
   defining Unicode char U+2030 (decimal 8240)
   defining Unicode char U+2031 (decimal 8241)
   defining Unicode char U+203B (decimal 8251)
   defining Unicode char U+203D (decimal 8253)
   defining Unicode char U+2044 (decimal 8260)
   defining Unicode char U+204E (decimal 8270)
   defining Unicode char U+2052 (decimal 8274)
   defining Unicode char U+20A1 (decimal 8353)
   defining Unicode char U+20A4 (decimal 8356)
   defining Unicode char U+20A6 (decimal 8358)
   defining Unicode char U+20A9 (decimal 8361)
   defining Unicode char U+20AB (decimal 8363)
   defining Unicode char U+20AC (decimal 8364)
   defining Unicode char U+20B1 (decimal 8369)
   defining Unicode char U+2103 (decimal 8451)
   defining Unicode char U+2116 (decimal 8470)
   defining Unicode char U+2117 (decimal 8471)
   defining Unicode char U+211E (decimal 8478)
   defining Unicode char U+2120 (decimal 8480)
   defining Unicode char U+2122 (decimal 8482)
   defining Unicode char U+2126 (decimal 8486)
   defining Unicode char U+2127 (decimal 8487)
   defining Unicode char U+212E (decimal 8494)
   defining Unicode char U+2190 (decimal 8592)
   defining Unicode char U+2191 (decimal 8593)
   defining Unicode char U+2192 (decimal 8594)
   defining Unicode char U+2193 (decimal 8595)
   defining Unicode char U+2329 (decimal 9001)
   defining Unicode char U+232A (decimal 9002)
   defining Unicode char U+2422 (decimal 9250)
   defining Unicode char U+25E6 (decimal 9702)
   defining Unicode char U+25EF (decimal 9711)
   defining Unicode char U+266A (decimal 9834)
))
LaTeX Info: Redefining \oldstylenums on input line 334.
Package textcomp Info: Setting cmr sub-encoding to TS1/0 on input line 349.
Package textcomp Info: Setting cmss sub-encoding to TS1/0 on input line 350.
Package textcomp Info: Setting cmtt sub-encoding to TS1/0 on input line 351.
Package textcomp Info: Setting cmvtt sub-encoding to TS1/0 on input line 352.
Package textcomp Info: Setting cmbr sub-encoding to TS1/0 on input line 353.
Package textcomp Info: Setting cmtl sub-encoding to TS1/0 on input line 354.
Package textcomp Info: Setting ccr sub-encoding to TS1/0 on input line 355.
Package textcomp Info: Setting ptm sub-encoding to TS1/4 on input line 356.
Package textcomp Info: Setting pcr sub-encoding to TS1/4 on input line 357.
Package textcomp Info: Setting phv sub-encoding to TS1/4 on input line 358.
Package textcomp Info: Setting ppl sub-encoding to TS1/3 on input line 359.
Package textcomp Info: Setting pag sub-encoding to TS1/4 on input line 360.
Package textcomp Info: Setting pbk sub-encoding to TS1/4 on input line 361.
Package textcomp Info: Setting pnc sub-encoding to TS1/4 on input line 362.
Package textcomp Info: Setting pzc sub-encoding to TS1/4 on input line 363.
Package textcomp Info: Setting bch sub-encoding to TS1/4 on input line 364.
Package textcomp Info: Setting put sub-encoding to TS1/5 on input line 365.
Package textcomp Info: Setting uag sub-encoding to TS1/5 on input line 366.
Package textcomp Info: Setting ugq sub-encoding to TS1/5 on input line 367.
Package textcomp Info: Setting ul8 sub-encoding to TS1/4 on input line 368.
Package textcomp Info: Setting ul9 sub-encoding to TS1/4 on input line 369.
Package textcomp Info: Setting augie sub-encoding to TS1/5 on input line 370.
Package textcomp Info: Setting dayrom sub-encoding to TS1/3 on input line 371.
Package textcomp Info: Setting dayroms sub-encoding to TS1/3 on input line 372.

Package textcomp Info: Setting pxr sub-encoding to TS1/0 on input line 373.
Package textcomp Info: Setting pxss sub-encoding to TS1/0 on input line 374.
Package textcomp Info: Setting pxtt sub-encoding to TS1/0 on input line 375.
Package textcomp Info: Setting txr sub-encoding to TS1/0 on input line 376.
Package textcomp Info: Setting txss sub-encoding to TS1/0 on input line 377.
Package textcomp Info: Setting txtt sub-encoding to TS1/0 on input line 378.
Package textcomp Info: Setting lmr sub-encoding to TS1/0 on input line 379.
Package textcomp Info: Setting lmdh sub-encoding to TS1/0 on input line 380.
Package textcomp Info: Setting lmss sub-encoding to TS1/0 on input line 381.
Package textcomp Info: Setting lmssq sub-encoding to TS1/0 on input line 382.
Package textcomp Info: Setting lmvtt sub-encoding to TS1/0 on input line 383.
Package textcomp Info: Setting lmtt sub-encoding to TS1/0 on input line 384.
Package textcomp Info: Setting qhv sub-encoding to TS1/0 on input line 385.
Package textcomp Info: Setting qag sub-encoding to TS1/0 on input line 386.
Package textcomp Info: Setting qbk sub-encoding to TS1/0 on input line 387.
Package textcomp Info: Setting qcr sub-encoding to TS1/0 on input line 388.
Package textcomp Info: Setting qcs sub-encoding to TS1/0 on input line 389.
Package textcomp Info: Setting qpl sub-encoding to TS1/0 on input line 390.
Package textcomp Info: Setting qtm sub-encoding to TS1/0 on input line 391.
Package textcomp Info: Setting qzc sub-encoding to TS1/0 on input line 392.
Package textcomp Info: Setting qhvc sub-encoding to TS1/0 on input line 393.
Package textcomp Info: Setting futs sub-encoding to TS1/4 on input line 394.
Package textcomp Info: Setting futx sub-encoding to TS1/4 on input line 395.
Package textcomp Info: Setting futj sub-encoding to TS1/4 on input line 396.
Package textcomp Info: Setting hlh sub-encoding to TS1/3 on input line 397.
Package textcomp Info: Setting hls sub-encoding to TS1/3 on input line 398.
Package textcomp Info: Setting hlst sub-encoding to TS1/3 on input line 399.
Package textcomp Info: Setting hlct sub-encoding to TS1/5 on input line 400.
Package textcomp Info: Setting hlx sub-encoding to TS1/5 on input line 401.
Package textcomp Info: Setting hlce sub-encoding to TS1/5 on input line 402.
Package textcomp Info: Setting hlcn sub-encoding to TS1/5 on input line 403.
Package textcomp Info: Setting hlcw sub-encoding to TS1/5 on input line 404.
Package textcomp Info: Setting hlcf sub-encoding to TS1/5 on input line 405.
Package textcomp Info: Setting pplx sub-encoding to TS1/3 on input line 406.
Package textcomp Info: Setting pplj sub-encoding to TS1/3 on input line 407.
Package textcomp Info: Setting ptmx sub-encoding to TS1/4 on input line 408.
Package textcomp Info: Setting ptmj sub-encoding to TS1/4 on input line 409.
))
("C:\Program Files\MiKTeX 2.9\tex\latex\lineno\lineno.sty"
Package: lineno 2005/11/02 line numbers on paragraphs v4.41
\linenopenalty=\count115
\output=\toks23
\linenoprevgraf=\count116
\linenumbersep=\dimen126
\linenumberwidth=\dimen127
\c@linenumber=\count117
\c@pagewiselinenumber=\count118
\c@LN@truepage=\count119
\c@internallinenumber=\count120
\c@internallinenumbers=\count121
\quotelinenumbersep=\dimen128
\bframerule=\dimen129
\bframesep=\dimen130
\bframebox=\box31
LaTeX Info: Redefining \\ on input line 3056.
)
\c@FV@TrueTabGroupLevel=\count122
\c@FV@TrueTabCounter=\count123
\FV@TabBox@Group=\box32
\FV@TmpLength=\skip55
\c@FV@HighlightLinesStart=\count124
\c@FV@HighlightLinesStop=\count125
\FV@BreakIndent=\dimen131
\FV@BreakSymbolSepLeft=\dimen132
\FV@BreakSymbolSepRight=\dimen133
\FV@BreakSymbolIndentLeft=\dimen134
LaTeX Font Info:    Try loading font information for T1+cmtt on input line 562.


("C:\Program Files\MiKTeX 2.9\tex\latex\base\t1cmtt.fd"
File: t1cmtt.fd 2014/09/29 v2.5h Standard LaTeX font definitions
)
\FV@BreakSymbolIndentRight=\dimen135
\c@FancyVerbLineBreakLast=\count126
\FV@LineBox=\box33
\FV@LineIndentBox=\box34
)
("C:\Program Files\MiKTeX 2.9\tex\latex\float\float.sty"
Package: float 2001/11/08 v1.3d Float enhancements (AL)
\c@float@type=\count127
\float@exts=\toks24
\float@box=\box35
\@float@everytoks=\toks25
\@floatcapt=\box36
)
("C:\Program Files\MiKTeX 2.9\tex\latex\tools\calc.sty"
Package: calc 2014/10/28 v4.3 Infix arithmetic (KKT,FJ)
\calc@Acount=\count128
\calc@Bcount=\count129
\calc@Adimen=\dimen136
\calc@Bdimen=\dimen137
\calc@Askip=\skip56
\calc@Bskip=\skip57
LaTeX Info: Redefining \setlength on input line 80.
LaTeX Info: Redefining \addtolength on input line 81.
\calc@Ccount=\count130
\calc@Cskip=\skip58
)
("C:\Program Files\MiKTeX 2.9\tex\latex\tools\shellesc.sty"
Package: shellesc 2016/06/07 v0.02a unified shell escape interface for LaTeX
Package shellesc Info: Unrestricted shell escape enabled on input line 67.
)
("C:\Program Files\MiKTeX 2.9\tex\latex\ifplatform\ifplatform.sty"
Package: ifplatform 2010/10/22 v0.4 Testing for the operating system

("C:\Program Files\MiKTeX 2.9\tex\generic\oberdiek\pdftexcmds.sty"
Package: pdftexcmds 2016/05/21 v0.22 Utility functions of pdfTeX for LuaTeX (HO
)

("C:\Program Files\MiKTeX 2.9\tex\generic\oberdiek\ifpdf.sty"
Package: ifpdf 2016/05/14 v3.1 Provides the ifpdf switch
)
Package pdftexcmds Info: LuaTeX not detected.
Package pdftexcmds Info: \pdf@primitive is available.
Package pdftexcmds Info: \pdf@ifprimitive is available.
Package pdftexcmds Info: \pdfdraftmode found.
)
("C:\Program Files\MiKTeX 2.9\tex\generic\oberdiek\catchfile.sty"
Package: catchfile 2016/05/16 v1.7 Catch the contents of a file (HO)
))
("C:\Program Files\MiKTeX 2.9\tex\latex\xstring\xstring.sty"
("C:\Program Files\MiKTeX 2.9\tex\generic\xstring\xstring.tex"
\@xs@message=\write4
\integerpart=\count131
\decimalpart=\count132
)
Package: xstring 2013/10/13  v1.7c  String manipulations (C Tellechea)
)
("C:\Program Files\MiKTeX 2.9\tex\latex\framed\framed.sty"
Package: framed 2011/10/22 v 0.96: framed or shaded text with page breaks
\OuterFrameSep=\skip59
\fb@frw=\dimen138
\fb@frh=\dimen139
\FrameRule=\dimen140
\FrameSep=\dimen141
)
\minted@appexistsfile=\read2
\minted@bgbox=\box37
\minted@code=\write5
\c@minted@FancyVerbLineTemp=\count133
\c@minted@pygmentizecounter=\count134
\@float@every@listing=\toks26
\c@listing=\count135
)
runsystem(if not exist _minted-relatorio mkdir _minted-relatorio)...executed.


("C:\Program Files\MiKTeX 2.9\tex\latex\lm\lmodern.sty"
Package: lmodern 2009/10/30 v1.6 Latin Modern Fonts
LaTeX Font Info:    Overwriting symbol font `operators' in version `normal'
(Font)                  OT1/cmr/m/n --> OT1/lmr/m/n on input line 22.
LaTeX Font Info:    Overwriting symbol font `letters' in version `normal'
(Font)                  OML/cmm/m/it --> OML/lmm/m/it on input line 23.
LaTeX Font Info:    Overwriting symbol font `symbols' in version `normal'
(Font)                  OMS/cmsy/m/n --> OMS/lmsy/m/n on input line 24.
LaTeX Font Info:    Overwriting symbol font `largesymbols' in version `normal'
(Font)                  OMX/cmex/m/n --> OMX/lmex/m/n on input line 25.
LaTeX Font Info:    Overwriting symbol font `operators' in version `bold'
(Font)                  OT1/cmr/bx/n --> OT1/lmr/bx/n on input line 26.
LaTeX Font Info:    Overwriting symbol font `letters' in version `bold'
(Font)                  OML/cmm/b/it --> OML/lmm/b/it on input line 27.
LaTeX Font Info:    Overwriting symbol font `symbols' in version `bold'
(Font)                  OMS/cmsy/b/n --> OMS/lmsy/b/n on input line 28.
LaTeX Font Info:    Overwriting symbol font `largesymbols' in version `bold'
(Font)                  OMX/cmex/m/n --> OMX/lmex/m/n on input line 29.
LaTeX Font Info:    Overwriting math alphabet `\mathbf' in version `normal'
(Font)                  OT1/cmr/bx/n --> OT1/lmr/bx/n on input line 31.
LaTeX Font Info:    Overwriting math alphabet `\mathsf' in version `normal'
(Font)                  OT1/cmss/m/n --> OT1/lmss/m/n on input line 32.
LaTeX Font Info:    Overwriting math alphabet `\mathit' in version `normal'
(Font)                  OT1/cmr/m/it --> OT1/lmr/m/it on input line 33.
LaTeX Font Info:    Overwriting math alphabet `\mathtt' in version `normal'
(Font)                  OT1/cmtt/m/n --> OT1/lmtt/m/n on input line 34.
LaTeX Font Info:    Overwriting math alphabet `\mathbf' in version `bold'
(Font)                  OT1/cmr/bx/n --> OT1/lmr/bx/n on input line 35.
LaTeX Font Info:    Overwriting math alphabet `\mathsf' in version `bold'
(Font)                  OT1/cmss/bx/n --> OT1/lmss/bx/n on input line 36.
LaTeX Font Info:    Overwriting math alphabet `\mathit' in version `bold'
(Font)                  OT1/cmr/bx/it --> OT1/lmr/bx/it on input line 37.
LaTeX Font Info:    Overwriting math alphabet `\mathtt' in version `bold'
(Font)                  OT1/cmtt/m/n --> OT1/lmtt/m/n on input line 38.
)
("C:\Program Files\MiKTeX 2.9\tex\latex\appendix\appendix.sty"
Package: appendix 2009/09/02 v1.2b extra appendix facilities
\c@@pps=\count136
\c@@ppsavesec=\count137
\c@@ppsaveapp=\count138
)
("C:\Program Files\MiKTeX 2.9\tex\latex\url\url.sty"
\Urlmuskip=\muskip11
Package: url 2013/09/16  ver 3.4  Verb mode for urls, etc.
)
("C:\Program Files\MiKTeX 2.9\tex\latex\titlesec\titlesec.sty"
Package: titlesec 2016/03/21 v2.10.2 Sectioning titles
\ttl@box=\box38
\beforetitleunit=\skip60
\aftertitleunit=\skip61
\ttl@plus=\dimen142
\ttl@minus=\dimen143
\ttl@toksa=\toks27
\titlewidth=\dimen144
\titlewidthlast=\dimen145
\titlewidthfirst=\dimen146
)
("C:\Program Files\MiKTeX 2.9\tex\latex\pgf\utilities\pgffor.sty"
("C:\Program Files\MiKTeX 2.9\tex\latex\pgf\utilities\pgfrcs.sty"
("C:\Program Files\MiKTeX 2.9\tex\generic\pgf\utilities\pgfutil-common.tex"
\pgfutil@everybye=\toks28
\pgfutil@tempdima=\dimen147
\pgfutil@tempdimb=\dimen148

("C:\Program Files\MiKTeX 2.9\tex\generic\pgf\utilities\pgfutil-common-lists.te
x")) ("C:\Program Files\MiKTeX 2.9\tex\generic\pgf\utilities\pgfutil-latex.def"
\pgfutil@abb=\box39
("C:\Program Files\MiKTeX 2.9\tex\latex\ms\everyshi.sty"
Package: everyshi 2001/05/15 v3.00 EveryShipout Package (MS)
))
("C:\Program Files\MiKTeX 2.9\tex\generic\pgf\utilities\pgfrcs.code.tex"
Package: pgfrcs 2015/08/07 v3.0.1a (rcs-revision 1.31)
))
("C:\Program Files\MiKTeX 2.9\tex\latex\pgf\utilities\pgfkeys.sty"
("C:\Program Files\MiKTeX 2.9\tex\generic\pgf\utilities\pgfkeys.code.tex"
\pgfkeys@pathtoks=\toks29
\pgfkeys@temptoks=\toks30

("C:\Program Files\MiKTeX 2.9\tex\generic\pgf\utilities\pgfkeysfiltered.code.te
x"
\pgfkeys@tmptoks=\toks31
))) ("C:\Program Files\MiKTeX 2.9\tex\latex\pgf\math\pgfmath.sty"
("C:\Program Files\MiKTeX 2.9\tex\generic\pgf\math\pgfmath.code.tex"
("C:\Program Files\MiKTeX 2.9\tex\generic\pgf\math\pgfmathcalc.code.tex"
("C:\Program Files\MiKTeX 2.9\tex\generic\pgf\math\pgfmathutil.code.tex"
\pgf@x=\dimen149
\pgf@xa=\dimen150
\pgf@xb=\dimen151
\pgf@xc=\dimen152
\pgf@y=\dimen153
\pgf@ya=\dimen154
\pgf@yb=\dimen155
\pgf@yc=\dimen156
\c@pgf@counta=\count139
\c@pgf@countb=\count140
\c@pgf@countc=\count141
\c@pgf@countd=\count142
)
("C:\Program Files\MiKTeX 2.9\tex\generic\pgf\math\pgfmathparser.code.tex"
\pgfmath@dimen=\dimen157
\pgfmath@count=\count143
\pgfmath@box=\box40
\pgfmath@toks=\toks32
\pgfmath@stack@operand=\toks33
\pgfmath@stack@operation=\toks34
)
("C:\Program Files\MiKTeX 2.9\tex\generic\pgf\math\pgfmathfunctions.code.tex"
("C:\Program Files\MiKTeX 2.9\tex\generic\pgf\math\pgfmathfunctions.basic.code.
tex")
("C:\Program Files\MiKTeX 2.9\tex\generic\pgf\math\pgfmathfunctions.trigonometr
ic.code.tex")
("C:\Program Files\MiKTeX 2.9\tex\generic\pgf\math\pgfmathfunctions.random.code
.tex")
("C:\Program Files\MiKTeX 2.9\tex\generic\pgf\math\pgfmathfunctions.comparison.
code.tex")
("C:\Program Files\MiKTeX 2.9\tex\generic\pgf\math\pgfmathfunctions.base.code.t
ex")
("C:\Program Files\MiKTeX 2.9\tex\generic\pgf\math\pgfmathfunctions.round.code.
tex")
("C:\Program Files\MiKTeX 2.9\tex\generic\pgf\math\pgfmathfunctions.misc.code.t
ex")
("C:\Program Files\MiKTeX 2.9\tex\generic\pgf\math\pgfmathfunctions.integerarit
hmetics.code.tex")))
("C:\Program Files\MiKTeX 2.9\tex\generic\pgf\math\pgfmathfloat.code.tex"
\c@pgfmathroundto@lastzeros=\count144
)))
("C:\Program Files\MiKTeX 2.9\tex\generic\pgf\utilities\pgffor.code.tex"
Package: pgffor 2013/12/13 v3.0.1a (rcs-revision 1.25)

("C:\Program Files\MiKTeX 2.9\tex\generic\pgf\math\pgfmath.code.tex")
\pgffor@iter=\dimen158
\pgffor@skip=\dimen159
\pgffor@stack=\toks35
\pgffor@toks=\toks36
))

Package Fancyhdr Warning: \fancyhead's `E' option without twoside option is use
less on input line 46.


Package Fancyhdr Warning: \fancyhead's `E' option without twoside option is use
less on input line 46.


Package Fancyhdr Warning: \fancyfoot's `E' option without twoside option is use
less on input line 46.


Package Fancyhdr Warning: \fancyfoot's `E' option without twoside option is use
less on input line 46.

("C:\Program Files\MiKTeX 2.9\tex\latex\xcolor\xcolor.sty"
Package: xcolor 2016/05/11 v2.12 LaTeX color extensions (UK)

("C:\Program Files\MiKTeX 2.9\tex\latex\graphics-cfg\color.cfg"
File: color.cfg 2016/01/02 v1.6 sample color configuration
)
Package xcolor Info: Driver file: pdftex.def on input line 225.
Package xcolor Info: Model `cmy' substituted by `cmy0' on input line 1348.
Package xcolor Info: Model `hsb' substituted by `rgb' on input line 1352.
Package xcolor Info: Model `RGB' extended on input line 1364.
Package xcolor Info: Model `HTML' substituted by `rgb' on input line 1366.
Package xcolor Info: Model `Hsb' substituted by `hsb' on input line 1367.
Package xcolor Info: Model `tHsb' substituted by `hsb' on input line 1368.
Package xcolor Info: Model `HSB' substituted by `hsb' on input line 1369.
Package xcolor Info: Model `Gray' substituted by `gray' on input line 1370.
Package xcolor Info: Model `wave' substituted by `hsb' on input line 1371.
)
runsystem(for ^%i in (pygmentize.exe pygmentize.bat pygmentize.cmd) do set > re
latorio.aex <nul: /p x=^%~$PATH:i>> relatorio.aex)...executed.

runsystem(del relatorio.aex)...executed.


("D:\Dropbox\UNICAMP\Aluno Especial UNICAMP 2016\trabalho\report\build\relatori
o.aux")
\openout1 = `relatorio.aux'.

LaTeX Font Info:    Checking defaults for OML/cmm/m/it on input line 59.
LaTeX Font Info:    ... okay on input line 59.
LaTeX Font Info:    Checking defaults for T1/cmr/m/n on input line 59.
LaTeX Font Info:    ... okay on input line 59.
LaTeX Font Info:    Checking defaults for OT1/cmr/m/n on input line 59.
LaTeX Font Info:    ... okay on input line 59.
LaTeX Font Info:    Checking defaults for OMS/cmsy/m/n on input line 59.
LaTeX Font Info:    ... okay on input line 59.
LaTeX Font Info:    Checking defaults for OMX/cmex/m/n on input line 59.
LaTeX Font Info:    ... okay on input line 59.
LaTeX Font Info:    Checking defaults for U/cmr/m/n on input line 59.
LaTeX Font Info:    ... okay on input line 59.
LaTeX Font Info:    Checking defaults for TS1/cmr/m/n on input line 59.
LaTeX Font Info:    Try loading font information for TS1+cmr on input line 59.
 ("C:\Program Files\MiKTeX 2.9\tex\latex\base\ts1cmr.fd"
File: ts1cmr.fd 2014/09/29 v2.5h Standard LaTeX font definitions
)
LaTeX Font Info:    ... okay on input line 59.
LaTeX Font Info:    Try loading font information for T1+lmr on input line 59.

("C:\Program Files\MiKTeX 2.9\tex\latex\lm\t1lmr.fd"
File: t1lmr.fd 2009/10/30 v1.6 Font defs for Latin Modern
)
("C:\Program Files\MiKTeX 2.9\tex\context\base\supp-pdf.mkii"
[Loading MPS to PDF converter (version 2006.09.02).]
\scratchcounter=\count145
\scratchdimen=\dimen160
\scratchbox=\box41
\nofMPsegments=\count146
\nofMParguments=\count147
\everyMPshowfont=\toks37
\MPscratchCnt=\count148
\MPscratchDim=\dimen161
\MPnumerator=\count149
\makeMPintoPDFobject=\count150
\everyMPtoPDFconversion=\toks38
) ("C:\Program Files\MiKTeX 2.9\tex\latex\oberdiek\epstopdf-base.sty"
Package: epstopdf-base 2016/05/15 v2.6 Base part for package epstopdf

("C:\Program Files\MiKTeX 2.9\tex\latex\oberdiek\grfext.sty"
Package: grfext 2016/05/16 v1.2 Manage graphics extensions (HO)

("C:\Program Files\MiKTeX 2.9\tex\generic\oberdiek\kvdefinekeys.sty"
Package: kvdefinekeys 2016/05/16 v1.4 Define keys (HO)
))
Package epstopdf-base Info: Redefining graphics rule for `.eps' on input line 4
38.
Package grfext Info: Graphics extension search list:
(grfext)             [.png,.pdf,.jpg,.mps,.jpeg,.jbig2,.jb2,.PNG,.PDF,.JPG,.JPE
G,.JBIG2,.JB2,.eps]
(grfext)             \AppendGraphicsExtensions on input line 456.
)
Package caption Info: Begin \AtBeginDocument code.
Package caption Info: float package is loaded.
Package caption Info: listings package is loaded.
Package caption Info: End \AtBeginDocument code.
\c@lstlisting=\count151

ABD: EveryShipout initializing macros (capa.tex
<logo-unicamp.jpg, id=1, 192.72pt x 215.8464pt>
File: logo-unicamp.jpg Graphic file (type jpg)
 <use logo-unicamp.jpg>
Package pdftex.def Info: logo-unicamp.jpg used on input line 6.
(pdftex.def)             Requested size: 80.65659pt x 90.3375pt.

<logo-feec.png, id=2, 2007.5pt x 803.0pt>
File: logo-feec.png Graphic file (type png)
 <use logo-feec.png>
Package pdftex.def Info: logo-feec.png used on input line 8.
(pdftex.def)             Requested size: 180.6672pt x 72.26999pt.
LaTeX Font Info:    Try loading font information for OT1+lmr on input line 9.

("C:\Program Files\MiKTeX 2.9\tex\latex\lm\ot1lmr.fd"
File: ot1lmr.fd 2009/10/30 v1.6 Font defs for Latin Modern
)
LaTeX Font Info:    Try loading font information for OML+lmm on input line 9.

("C:\Program Files\MiKTeX 2.9\tex\latex\lm\omllmm.fd"
File: omllmm.fd 2009/10/30 v1.6 Font defs for Latin Modern
)
LaTeX Font Info:    Try loading font information for OMS+lmsy on input line 9.

("C:\Program Files\MiKTeX 2.9\tex\latex\lm\omslmsy.fd"
File: omslmsy.fd 2009/10/30 v1.6 Font defs for Latin Modern
)
LaTeX Font Info:    Try loading font information for OMX+lmex on input line 9.

("C:\Program Files\MiKTeX 2.9\tex\latex\lm\omxlmex.fd"
File: omxlmex.fd 2009/10/30 v1.6 Font defs for Latin Modern
)
LaTeX Font Info:    External font `lmex10' loaded for size
(Font)              <10> on input line 9.
LaTeX Font Info:    External font `lmex10' loaded for size
(Font)              <7> on input line 9.
LaTeX Font Info:    External font `lmex10' loaded for size
(Font)              <5> on input line 9.
LaTeX Font Info:    Try loading font information for U+msa on input line 9.

("C:\Program Files\MiKTeX 2.9\tex\latex\amsfonts\umsa.fd"
File: umsa.fd 2013/01/14 v3.01 AMS symbols A
)
LaTeX Font Info:    Try loading font information for U+msb on input line 9.

("C:\Program Files\MiKTeX 2.9\tex\latex\amsfonts\umsb.fd"
File: umsb.fd 2013/01/14 v3.01 AMS symbols B
)
Overfull \hbox (16.34999pt too wide) in paragraph at lines 4--10
 []$ 
 []

LaTeX Font Info:    Try loading font information for TS1+lmr on input line 40.
("C:\Program Files\MiKTeX 2.9\tex\latex\lm\ts1lmr.fd"
File: ts1lmr.fd 2009/10/30 v1.6 Font defs for Latin Modern
) [1

{C:/ProgramData/MiKTeX/2.9/pdftex/config/pdftex.map} <./logo-unicamp.jpg> <./lo
go-feec.png>])
Overfull \hbox (11.69456pt too wide) in paragraph at lines 72--73
[]\T1/lmr/m/n/10 Neste pre-sente tra-ba-lho fo-ram apli-ca-dos os al-go-rit-mos
 de Prim,Kruskal,Dijkstra
 []

[1]
("D:\Dropbox\UNICAMP\Aluno Especial UNICAMP 2016\trabalho\report\build\relatori
o.toc"

Package Fancyhdr Warning: \fancyhead's `E' option without twoside option is use
less on input line 35.


Package Fancyhdr Warning: \fancyhead's `E' option without twoside option is use
less on input line 35.


Package Fancyhdr Warning: \fancyfoot's `E' option without twoside option is use
less on input line 35.


Package Fancyhdr Warning: \fancyfoot's `E' option without twoside option is use
less on input line 35.

[2

])
\tf@toc=\write6
\openout6 = `relatorio.toc'.

 [3]
Cap\'{\i }tulo 1.

Package Fancyhdr Warning: \fancyhead's `E' option without twoside option is use
less on input line 95.


Package Fancyhdr Warning: \fancyhead's `E' option without twoside option is use
less on input line 95.


Package Fancyhdr Warning: \fancyfoot's `E' option without twoside option is use
less on input line 95.


Package Fancyhdr Warning: \fancyfoot's `E' option without twoside option is use
less on input line 95.

[4

]
Cap\'{\i }tulo 2.

Package Fancyhdr Warning: \fancyhead's `E' option without twoside option is use
less on input line 102.


Package Fancyhdr Warning: \fancyhead's `E' option without twoside option is use
less on input line 102.


Package Fancyhdr Warning: \fancyfoot's `E' option without twoside option is use
less on input line 102.


Package Fancyhdr Warning: \fancyfoot's `E' option without twoside option is use
less on input line 102.

[5

]
Cap\'{\i }tulo 3.

Package Fancyhdr Warning: \fancyhead's `E' option without twoside option is use
less on input line 112.


Package Fancyhdr Warning: \fancyhead's `E' option without twoside option is use
less on input line 112.


Package Fancyhdr Warning: \fancyfoot's `E' option without twoside option is use
less on input line 112.


Package Fancyhdr Warning: \fancyfoot's `E' option without twoside option is use
less on input line 112.

[6

]
Cap\'{\i }tulo 4.
(_minted-relatorio/default-pyg-prefix.pygstyle)
(_minted-relatorio/default.pygstyle)
runsystem(pygmentize -l text -f latex -P commandprefix=PYG -F tokenmerge -o _mi
nted-relatorio/EC67A8B191F8B489551DFC5DBDF00DA4C1E2E9600DCDCACF7547AA514BC4D61A
.pygtex ../output/prim_rede_italiana.txt)...executed.


(_minted-relatorio/EC67A8B191F8B489551DFC5DBDF00DA4C1E2E9600DCDCACF7547AA514BC4
D61A.pygtex
LaTeX Font Info:    Try loading font information for T1+lmtt on input line 1.
 ("C:\Program Files\MiKTeX 2.9\tex\latex\lm\t1lmtt.fd"
File: t1lmtt.fd 2009/10/30 v1.6 Font defs for Latin Modern
)
LaTeX Font Info:    Try loading font information for TS1+lmtt on input line 3.

("C:\Program Files\MiKTeX 2.9\tex\latex\lm\ts1lmtt.fd"
File: ts1lmtt.fd 2009/10/30 v1.6 Font defs for Latin Modern
)

Package Fancyhdr Warning: \fancyhead's `E' option without twoside option is use
less on input line 31.


Package Fancyhdr Warning: \fancyhead's `E' option without twoside option is use
less on input line 31.


Package Fancyhdr Warning: \fancyfoot's `E' option without twoside option is use
less on input line 31.


Package Fancyhdr Warning: \fancyfoot's `E' option without twoside option is use
less on input line 31.

[7

])
runsystem(pygmentize -l text -f latex -P commandprefix=PYG -F tokenmerge -o _mi
nted-relatorio/7FC8B121447135A746B6522741FBD8926DCE4D81140B68A9DFE35F21AACB792D
.pygtex ../output/prim_rede_usa.txt)...executed.


(_minted-relatorio/7FC8B121447135A746B6522741FBD8926DCE4D81140B68A9DFE35F21AACB
792D.pygtex [8] [9] [10]) [11]
Cap\'{\i }tulo 5.
runsystem(pygmentize -l text -f latex -P commandprefix=PYG -F tokenmerge -o _mi
nted-relatorio/C301839D4F72AF0CBF6BC1827FAC342D3B1F80D2E839A2A44AD3B4ED9E39013F
.pygtex ../output/kruskal_rede_italiana.txt)...executed.


(_minted-relatorio/C301839D4F72AF0CBF6BC1827FAC342D3B1F80D2E839A2A44AD3B4ED9E39
013F.pygtex

Package Fancyhdr Warning: \fancyhead's `E' option without twoside option is use
less on input line 30.


Package Fancyhdr Warning: \fancyhead's `E' option without twoside option is use
less on input line 30.


Package Fancyhdr Warning: \fancyfoot's `E' option without twoside option is use
less on input line 30.


Package Fancyhdr Warning: \fancyfoot's `E' option without twoside option is use
less on input line 30.

[12

])
runsystem(pygmentize -l text -f latex -P commandprefix=PYG -F tokenmerge -o _mi
nted-relatorio/1600EBB7BD7EBC9958A79F13BF3FC1634E83EF0CE7A2BDB1184E6BDECF5D41D5
.pygtex ../output/kruskal_rede_usa.txt)...executed.


(_minted-relatorio/1600EBB7BD7EBC9958A79F13BF3FC1634E83EF0CE7A2BDB1184E6BDECF5D
41D5.pygtex [13] [14] [15]) [16]
Cap\'{\i }tulo 6.
runsystem(pygmentize -l text -f latex -P commandprefix=PYG -F tokenmerge -o _mi
nted-relatorio/6631473F646FF1FD728FD77DA0DD6DAC9FF07B43E94BD50311168F6822B71712
.pygtex ../output/dijkstra_rede_italiana_1_7.txt)...executed.


(_minted-relatorio/6631473F646FF1FD728FD77DA0DD6DAC9FF07B43E94BD50311168F6822B7
1712.pygtex)
runsystem(pygmentize -l text -f latex -P commandprefix=PYG -F tokenmerge -o _mi
nted-relatorio/9F014186AB853512E9FD02654EDE880DC1D315A21D56D3AF98EA870B184FF68C
.pygtex ../output/dijkstra_rede_italiana_1_14.txt)...executed.


(_minted-relatorio/9F014186AB853512E9FD02654EDE880DC1D315A21D56D3AF98EA870B184F
F68C.pygtex

Package Fancyhdr Warning: \fancyhead's `E' option without twoside option is use
less on input line 9.


Package Fancyhdr Warning: \fancyhead's `E' option without twoside option is use
less on input line 9.


Package Fancyhdr Warning: \fancyfoot's `E' option without twoside option is use
less on input line 9.


Package Fancyhdr Warning: \fancyfoot's `E' option without twoside option is use
less on input line 9.

[17

])
runsystem(pygmentize -l text -f latex -P commandprefix=PYG -F tokenmerge -o _mi
nted-relatorio/AC6E520F19DA94A333A0202445E69AEAD945DAD9D581858097759C5AEA21703B
.pygtex ../output/dijkstra_rede_italiana_1_21.txt)...executed.


(_minted-relatorio/AC6E520F19DA94A333A0202445E69AEAD945DAD9D581858097759C5AEA21
703B.pygtex)
runsystem(pygmentize -l text -f latex -P commandprefix=PYG -F tokenmerge -o _mi
nted-relatorio/D2FFE129D8067BBAB542D3D2C0ADC540A69E72BA894D7236B34259599F655461
.pygtex ../output/dijkstra_rede_usa_1_10.txt)...executed.


(_minted-relatorio/D2FFE129D8067BBAB542D3D2C0ADC540A69E72BA894D7236B34259599F65
5461.pygtex [18])
runsystem(pygmentize -l text -f latex -P commandprefix=PYG -F tokenmerge -o _mi
nted-relatorio/957A6658B98A4C0F6004280D1318A26D88F02A3070476A53C79A58CA43094A1E
.pygtex ../output/dijkstra_rede_usa_1_20.txt)...executed.



! Package minted Error: Missing Pygments output; \inputminted was
probably given a file that does not exist--otherwise, you may need 
the outputdir package option, or may be using an incompatible build tool,
or may be using the kpsewhich option without having PowerShell installed,
or may be using frozencache with a missing file.

See the minted package documentation for explanation.
Type  H <return>  for immediate help.
 ...                                              
                                                  
l.149 }
       
This could be caused by using -output-directory or -aux-directory 
without setting minted's outputdir, or by using a build tool that 
changes paths in ways minted cannot detect, or by using the 
kpsewhich option without PowerShell, 
or using frozencache with a missing file.

runsystem(pygmentize -l text -f latex -P commandprefix=PYG -F tokenmerge -o _mi
nted-relatorio/7B1EF8DFE8C92B33A90AF3910A56419B01AEE33BA81F5F42B7FFC7B3BEF9C8EB
.pygtex ../output/dijkstra_rede_usa_1_30.txt)...executed.


(_minted-relatorio/7B1EF8DFE8C92B33A90AF3910A56419B01AEE33BA81F5F42B7FFC7B3BEF9
C8EB.pygtex)
runsystem(pygmentize -l text -f latex -P commandprefix=PYG -F tokenmerge -o _mi
nted-relatorio/915E0235EADF0E592C68E116FBEBB1780410B434434604B8FAA39DFCA09DC3A8
.pygtex ../output/dijkstra_rede_usa_1_40.txt)...executed.


(_minted-relatorio/915E0235EADF0E592C68E116FBEBB1780410B434434604B8FAA39DFCA09D
C3A8.pygtex [19])
runsystem(pygmentize -l text -f latex -P commandprefix=PYG -F tokenmerge -o _mi
nted-relatorio/97147162971E4156F98BEB4BBB5F6CA7804FEBB6C97BE550F21D519755BD00D0
.pygtex ../output/dijkstra_rede_usa_1_50.txt)...executed.


(_minted-relatorio/97147162971E4156F98BEB4BBB5F6CA7804FEBB6C97BE550F21D519755BD
00D0.pygtex)
runsystem(pygmentize -l text -f latex -P commandprefix=PYG -F tokenmerge -o _mi
nted-relatorio/1021378AC6C7C208875AA07FFA71707354E7840F3979A046A0CF02ED043767DB
.pygtex ../output/dijkstra_rede_usa_1_60.txt)...executed.


(_minted-relatorio/1021378AC6C7C208875AA07FFA71707354E7840F3979A046A0CF02ED0437
67DB.pygtex)
runsystem(pygmentize -l text -f latex -P commandprefix=PYG -F tokenmerge -o _mi
nted-relatorio/C016263DA0781939D99F4BFB0C071DD304225C47A101725B0AD3B8FB8A696C2C
.pygtex ../output/dijkstra_rede_usa_1_70.txt)...executed.


(_minted-relatorio/C016263DA0781939D99F4BFB0C071DD304225C47A101725B0AD3B8FB8A69
6C2C.pygtex [20]) [21]
Cap\'{\i }tulo 7.
runsystem(pygmentize -l text -f latex -P commandprefix=PYG -F tokenmerge -o _mi
nted-relatorio/8355611AE797FDABF8627CB23224851DAE168BEDE21052310C790266B5BA2953
.pygtex ../output/ford_moore_bellman_rede_italiana_1_7.txt)...executed.


(_minted-relatorio/8355611AE797FDABF8627CB23224851DAE168BEDE21052310C790266B5BA
2953.pygtex)
runsystem(pygmentize -l text -f latex -P commandprefix=PYG -F tokenmerge -o _mi
nted-relatorio/BA21BB8597BA64E768C9F4C8AA9490240B1BA9A488E086F311AF35B5413563E6
.pygtex ../output/ford_moore_bellman_rede_italiana_1_14.txt)...executed.


(_minted-relatorio/BA21BB8597BA64E768C9F4C8AA9490240B1BA9A488E086F311AF35B54135
63E6.pygtex

Package Fancyhdr Warning: \fancyhead's `E' option without twoside option is use
less on input line 6.


Package Fancyhdr Warning: \fancyhead's `E' option without twoside option is use
less on input line 6.


Package Fancyhdr Warning: \fancyfoot's `E' option without twoside option is use
less on input line 6.


Package Fancyhdr Warning: \fancyfoot's `E' option without twoside option is use
less on input line 6.

[22

])
runsystem(pygmentize -l text -f latex -P commandprefix=PYG -F tokenmerge -o _mi
nted-relatorio/0AB83FA141A360011F4D94D4E5E365FBD45FB4AEB0A18A0CE523D1267AA6EF93
.pygtex ../output/ford_moore_bellman_rede_italiana_1_21.txt)...executed.


(_minted-relatorio/0AB83FA141A360011F4D94D4E5E365FBD45FB4AEB0A18A0CE523D1267AA6
EF93.pygtex)
runsystem(pygmentize -l text -f latex -P commandprefix=PYG -F tokenmerge -o _mi
nted-relatorio/122616D2826BF27DA7173C36330F38466034CB072678FD63352C43D25F993805
.pygtex ../output/ford_moore_bellman_rede_usa_1_10.txt)...executed.


(_minted-relatorio/122616D2826BF27DA7173C36330F38466034CB072678FD63352C43D25F99
3805.pygtex [23])
runsystem(pygmentize -l text -f latex -P commandprefix=PYG -F tokenmerge -o _mi
nted-relatorio/D4AD47222700921E1B9A5F77AFFB7277712EA9672667AB0BC24940403B6714E7
.pygtex ../output/ford_moore_bellman_rede_usa_1_20.txt)...executed.


(_minted-relatorio/D4AD47222700921E1B9A5F77AFFB7277712EA9672667AB0BC24940403B67
14E7.pygtex)
runsystem(pygmentize -l text -f latex -P commandprefix=PYG -F tokenmerge -o _mi
nted-relatorio/71956D0E94E7798655E8FA8A0617FE8B31B0353D2BA6DD5A0F86779A310B0874
.pygtex ../output/ford_moore_bellman_rede_usa_1_30.txt)...executed.


(_minted-relatorio/71956D0E94E7798655E8FA8A0617FE8B31B0353D2BA6DD5A0F86779A310B
0874.pygtex [24])
runsystem(pygmentize -l text -f latex -P commandprefix=PYG -F tokenmerge -o _mi
nted-relatorio/558FFAED70A52B4E2218675F760FE9FC523242918ABF3B3E356A01C237A1D04C
.pygtex ../output/ford_moore_bellman_rede_usa_1_40.txt)...executed.


(_minted-relatorio/558FFAED70A52B4E2218675F760FE9FC523242918ABF3B3E356A01C237A1
D04C.pygtex)
runsystem(pygmentize -l text -f latex -P commandprefix=PYG -F tokenmerge -o _mi
nted-relatorio/E38692B5B42A05C7B07AEB361F66EBAE2958588E3D561B3F93DCE197CCDADE68
.pygtex ../output/ford_moore_bellman_rede_usa_1_50.txt)...executed.


(_minted-relatorio/E38692B5B42A05C7B07AEB361F66EBAE2958588E3D561B3F93DCE197CCDA
DE68.pygtex)
runsystem(pygmentize -l text -f latex -P commandprefix=PYG -F tokenmerge -o _mi
nted-relatorio/63A6E426BDA0101795A782C9A5518B55C86CEA4B630D4D440DBA5CF37DB9A83A
.pygtex ../output/ford_moore_bellman_rede_usa_1_60.txt)...executed.


(_minted-relatorio/63A6E426BDA0101795A782C9A5518B55C86CEA4B630D4D440DBA5CF37DB9
A83A.pygtex [25])
runsystem(pygmentize -l text -f latex -P commandprefix=PYG -F tokenmerge -o _mi
nted-relatorio/FDC7FDB16BCD63A4EC3BC8607CD066D602954D36A7B74B50A3F727CE08460578
.pygtex ../output/ford_moore_bellman_rede_usa_1_70.txt)...executed.


(_minted-relatorio/FDC7FDB16BCD63A4EC3BC8607CD066D602954D36A7B74B50A3F727CE0846
0578.pygtex) [26]
Underfull \hbox (badness 10000) in paragraph at lines 182--185
[]\T1/lmr/m/n/10 Why is Python used for high-performance/scientific com-pu-ting
?,
 []


Overfull \hbox (14.75125pt too wide) in paragraph at lines 192--195
[]\T1/lmr/m/n/10 Networkx Las-test Do-cu-men-ta-tion, https://networkx.readthed
ocs.io/en/stable/,
 []


Underfull \hbox (badness 10000) in paragraph at lines 202--205
[]\T1/lmr/m/n/10 Disjoint-set data struc-ture, https://en.wikipedia.org/wiki/Di
sjoint-
 []


Underfull \hbox (badness 10000) in paragraph at lines 207--210
[]\T1/lmr/m/n/10 Notas de Aula IA 881 - $\OT1/lmr/m/n/10 2[]$ \T1/lmr/m/n/10 se
-mes-tre de 2016,
 []


Underfull \hbox (badness 1859) in paragraph at lines 207--210
\T1/lmr/m/n/10 http://www.dt.fee.unicamp.br/ ric-fow/IA881/ia881.htm, Vi-si-tad
o em :
 []


Package Fancyhdr Warning: \fancyhead's `E' option without twoside option is use
less on input line 214.


Package Fancyhdr Warning: \fancyhead's `E' option without twoside option is use
less on input line 214.


Package Fancyhdr Warning: \fancyfoot's `E' option without twoside option is use
less on input line 214.


Package Fancyhdr Warning: \fancyfoot's `E' option without twoside option is use
less on input line 214.

[27

]
Ap\^endice A.

(_minted-relatorio/D1C67357FDBC9E7264CFA388EFE531332592E3669C5CD5083AB008ED748A
F390.pygtex
LaTeX Font Info:    Font shape `T1/lmtt/bx/n' in size <8> not available
(Font)              Font shape `T1/lmtt/b/n' tried instead on input line 2.

Overfull \hbox (20.5pt too wide) in paragraph at lines 33--33
| | | |[][][]\T1/lmtt/m/n/8 fringe[].[]add_edge([]*[]node,weight[]=[]g[].[]get_
edge_data([]*[]node)[[]\TS1/lmtt/m/n/8 '\T1/lmtt/m/n/8 weight\TS1/lmtt/m/n/8 '[
]\T1/lmtt/m/n/8 ])|  
 []


Package Fancyhdr Warning: \fancyhead's `E' option without twoside option is use
less on input line 47.


Package Fancyhdr Warning: \fancyhead's `E' option without twoside option is use
less on input line 47.


Package Fancyhdr Warning: \fancyfoot's `E' option without twoside option is use
less on input line 47.


Package Fancyhdr Warning: \fancyfoot's `E' option without twoside option is use
less on input line 47.

[28


] [29]) [30]
Ap\^endice B.

(_minted-relatorio/921D00F22ACA755C52EB43BCCE5C81B1F0B30BD1CD7E8FA6A8EA291DF9CC
6D9C.pygtex

Package Fancyhdr Warning: \fancyhead's `E' option without twoside option is use
less on input line 46.


Package Fancyhdr Warning: \fancyhead's `E' option without twoside option is use
less on input line 46.


Package Fancyhdr Warning: \fancyfoot's `E' option without twoside option is use
less on input line 46.


Package Fancyhdr Warning: \fancyfoot's `E' option without twoside option is use
less on input line 46.

[31

] [32] [33]) [34]
Ap\^endice C.

(_minted-relatorio/E1A30EAAA1E12309F273ADAFAFFAC4BE8E1449FB082B116B57E06B0ADAD7
8D25.pygtex

Package Fancyhdr Warning: \fancyhead's `E' option without twoside option is use
less on input line 48.


Package Fancyhdr Warning: \fancyhead's `E' option without twoside option is use
less on input line 48.


Package Fancyhdr Warning: \fancyfoot's `E' option without twoside option is use
less on input line 48.


Package Fancyhdr Warning: \fancyfoot's `E' option without twoside option is use
less on input line 48.

[35

] [36] [37]) [38]
Ap\^endice D.
runsystem(pygmentize -l python -f latex -P commandprefix=PYG -F tokenmerge -o _
minted-relatorio/D2FA789ED0B0259CB26A765951B11B24EE44678C90E54E08C13B6CDEA4F73D
E6.pygtex ../ford_moore_bellman.py)...executed.


(_minted-relatorio/D2FA789ED0B0259CB26A765951B11B24EE44678C90E54E08C13B6CDEA4F7
3DE6.pygtex

Package Fancyhdr Warning: \fancyhead's `E' option without twoside option is use
less on input line 48.


Package Fancyhdr Warning: \fancyhead's `E' option without twoside option is use
less on input line 48.


Package Fancyhdr Warning: \fancyfoot's `E' option without twoside option is use
less on input line 48.


Package Fancyhdr Warning: \fancyfoot's `E' option without twoside option is use
less on input line 48.

[39

] [40])
runsystem(del _minted-relatorio\2067CD0A0ACA50FCF167B379336BC249C1E2E9600DCDCAC
F7547AA514BC4D61A.pygtex)...executed.

runsystem(del _minted-relatorio\6B7DCFE11D314E7C49BA9FB7778B0FF66DCE4D81140B68A
9DFE35F21AACB792D.pygtex)...executed.

runsystem(del _minted-relatorio\FCD067A50B34F31794B090F5A3A2865F3B1F80D2E839A2A
44AD3B4ED9E39013F.pygtex)...executed.

runsystem(del _minted-relatorio\D812967B8C94A19A8386068F1F7BAABC4E83EF0CE7A2BDB
1184E6BDECF5D41D5.pygtex)...executed.

runsystem(del _minted-relatorio\CD7C06EE64DFABD0A4D2948A6F06EE999FF07B43E94BD50
311168F6822B71712.pygtex)...executed.

runsystem(del _minted-relatorio\6D603E793633EAE146F5E7C939D28FD6C1D315A21D56D3A
F98EA870B184FF68C.pygtex)...executed.

runsystem(del _minted-relatorio\E3C7162984261668578B48921727F8E4D945DAD9D581858
097759C5AEA21703B.pygtex)...executed.

runsystem(del _minted-relatorio\5421CD29F4B7CDC7048EF72579A92A08A69E72BA894D723
6B34259599F655461.pygtex)...executed.

runsystem(del _minted-relatorio\142853ECA3338F4586CEB81237D1082D88F02A3070476A5
3C79A58CA43094A1E.pygtex)...executed.

runsystem(del _minted-relatorio\4DA5C7980FF4F92099A5CF1F7C9D24E001AEE33BA81F5F4
2B7FFC7B3BEF9C8EB.pygtex)...executed.

runsystem(del _minted-relatorio\17CB9E05E2050C70883287AD5CEC17F80410B434434604B
8FAA39DFCA09DC3A8.pygtex)...executed.

runsystem(del _minted-relatorio\064F74B3CE6D95EEBC8BF275A71841C6804FEBB6C97BE55
0F21D519755BD00D0.pygtex)...executed.

runsystem(del _minted-relatorio\1D40807CAF33DA1BD1017CB703BB572E54E7840F3979A04
6A0CF02ED043767DB.pygtex)...executed.

runsystem(del _minted-relatorio\B98CABEF078285B3A67357A2181A0CFB04225C47A101725
B0AD3B8FB8A696C2C.pygtex)...executed.

runsystem(del _minted-relatorio\9684CCB5CD5E5EB8ECAD9514414972D86034CB072678FD6
3352C43D25F993805.pygtex)...executed.

runsystem(del _minted-relatorio\D59EACD94CCAC8186B6EBD0D5A7CFAA0712EA9672667AB0
BC24940403B6714E7.pygtex)...executed.

runsystem(del _minted-relatorio\662542C8A9AB0D18CC75C9150D82F72931B0353D2BA6DD5
A0F86779A310B0874.pygtex)...executed.

runsystem(del _minted-relatorio\2FA5C73139533CE089AC738035BEA50F523242918ABF3B3
E356A01C237A1D04C.pygtex)...executed.

runsystem(del _minted-relatorio\E8A84C188E22CC64691688FDC21B78682958588E3D561B3
F93DCE197CCDADE68.pygtex)...executed.

runsystem(del _minted-relatorio\0652775DCA12BBCF780EA54EEF42C504C86CEA4B630D4D4
40DBA5CF37DB9A83A.pygtex)...executed.

runsystem(del _minted-relatorio\0D99B470A29B08EB89B507DCAB5FB1EA02954D36A7B74B5
0A3F727CE08460578.pygtex)...executed.

runsystem(del _minted-relatorio\A3B18486444B2B488AF2F4BBBE4C6C10EE44678C90E54E0
8C13B6CDEA4F73DE6.pygtex)...executed.

 [41]
("D:\Dropbox\UNICAMP\Aluno Especial UNICAMP 2016\trabalho\report\build\relatori
o.aux") ) 
Here is how much of TeX's memory you used:
 15698 strings out of 493333
 278067 string characters out of 3139158
 356214 words of memory out of 3000000
 18783 multiletter control sequences out of 15000+200000
 78947 words of font info for 61 fonts, out of 3000000 for 9000
 1141 hyphenation exceptions out of 8191
 40i,12n,49p,845b,676s stack positions out of 5000i,500n,10000p,200000b,50000s
{C:/Program Files/MiKTeX 2.9/fonts/enc/dvips/lm/lm-ts1.enc}{C:/Program
 Files/MiKTeX 2.9/fonts/enc/dvips/lm/lm-ec.enc}{C:/Program Files/MiKTeX 2.9/fon
ts/enc/dvips/lm/lm-mathit.enc}{C:/Program Files/MiKTeX 2.9/fonts/enc/dvips/lm/l
m-rm.enc}{C:/Program Files/MiKTeX 2.9/fonts/enc/dvips/lm/lm-mathsy.enc}<C:/Prog
ram Files/MiKTeX 2.9/fonts/type1/public/lm/lmbx10.pfb><C:/Program Files/MiKTeX 
2.9/fonts/type1/public/lm/lmbx12.pfb><C:/Program Files/MiKTeX 2.9/fonts/type1/p
ublic/lm/lmcsc10.pfb><C:/Program Files/MiKTeX 2.9/fonts/type1/public/lm/lmmi5.p
fb><C:/Program Files/MiKTeX 2.9/fonts/type1/public/lm/lmmi7.pfb><C:/Program Fil
es/MiKTeX 2.9/fonts/type1/public/lm/lmr10.pfb><C:/Program Files/MiKTeX 2.9/font
s/type1/public/lm/lmr12.pfb><C:/Program Files/MiKTeX 2.9/fonts/type1/public/lm/
lmr5.pfb><C:/Program Files/MiKTeX 2.9/fonts/type1/public/lm/lmr8.pfb><C:/Progra
m Files/MiKTeX 2.9/fonts/type1/public/lm/lmri10.pfb><C:/Program Files/MiKTeX 2.
9/fonts/type1/public/lm/lmri12.pfb><C:/Program Files/MiKTeX 2.9/fonts/type1/pub
lic/lm/lmsy5.pfb><C:/Program Files/MiKTeX 2.9/fonts/type1/public/lm/lmtk10.pfb>
<C:/Program Files/MiKTeX 2.9/fonts/type1/public/lm/lmtt8.pfb><C:/Program Files/
MiKTeX 2.9/fonts/type1/public/lm/lmtt9.pfb><C:/Program Files/MiKTeX 2.9/fonts/t
ype1/public/lm/lmtti10.pfb>
Output written on "D:/Dropbox/UNICAMP/Aluno Especial UNICAMP 2016/trabalho/repo
rt/build/relatorio.pdf" (42 pages, 569815 bytes).
PDF statistics:
 222 PDF objects out of 1000 (max. 8388607)
 0 named destinations out of 1000 (max. 500000)
 11 words of extra memory for PDF output out of 10000 (max. 10000000)

